*** Starting uWSGI 2.0.21 (64bit) on [Sat Mar 18 20:26:09 2023] ***
compiled with version: 11.3.1 20221121 (Red Hat 11.3.1-4) on 18 March 2023 11:20:10
os: Linux-5.14.0-252.el9.x86_64 #1 SMP PREEMPT_DYNAMIC Wed Feb 1 13:25:18 UTC 2023
nodename: localhost.localdomain
machine: x86_64
clock source: unix
pcre jit disabled
detected number of CPU cores: 8
current working directory: /var/www/django_words/uwsgi
writing pidfile to /var/www/django_words/uwsgi/uwsgi.pid
detected binary path: /root/python/env/django_words/bin/uwsgi
*** WARNING: you are running uWSGI as root !!! (use the --uid flag) *** 
chdir() to /var/www/django_words/
your processes number limit is 62373
your memory page size is 4096 bytes
detected max file descriptor number: 1024
lock engine: pthread robust mutexes
thunder lock: enabled
uwsgi socket 0 bound to TCP address 127.0.0.1:8001 fd 3
*** WARNING: you are running uWSGI as root !!! (use the --uid flag) *** 
Python version: 3.9.16 (main, Dec  8 2022, 00:00:00)  [GCC 11.3.1 20221121 (Red Hat 11.3.1-4)]
Python main interpreter initialized at 0x20d4890
*** WARNING: you are running uWSGI as root !!! (use the --uid flag) *** 
python threads support enabled
your server socket listen backlog is limited to 100 connections
your mercy for graceful operations on workers is 60 seconds
mapped 299280 bytes (292 KB) for 4 cores
*** Operational MODE: preforking+threaded ***
WSGI app 0 (mountpoint='') ready in 0 seconds on interpreter 0x20d4890 pid: 4162130 (default app)
*** WARNING: you are running uWSGI as root !!! (use the --uid flag) *** 
*** uWSGI is running in multiple interpreter mode ***
spawned uWSGI master process (pid: 4162130)
spawned uWSGI worker 1 (pid: 4162131, cores: 2)
spawned uWSGI worker 2 (pid: 4162132, cores: 2)
Not Found: /words
[pid: 4162131|app: 0|req: 1/1] 116.249.150.112 () {56 vars in 1209 bytes} [Sat Mar 18 20:28:25 2023] GET /words => generated 2263 bytes in 14 msecs (HTTP/2.0 404) 6 headers in 215 bytes (1 switches on core 0)
Not Found: /words/
[pid: 4162132|app: 0|req: 1/2] 116.249.150.112 () {56 vars in 1211 bytes} [Sat Mar 18 20:28:49 2023] GET /words/ => generated 2266 bytes in 14 msecs (HTTP/2.0 404) 6 headers in 215 bytes (1 switches on core 0)
Not Found: /words/
[pid: 4162131|app: 0|req: 2/3] 116.249.150.112 () {58 vars in 1242 bytes} [Sat Mar 18 20:29:32 2023] GET /words/ => generated 2266 bytes in 4 msecs (HTTP/2.0 404) 6 headers in 215 bytes (1 switches on core 1)
Not Found: /words/
[pid: 4162132|app: 0|req: 2/4] 116.249.150.112 () {58 vars in 1242 bytes} [Sat Mar 18 20:29:50 2023] GET /words/ => generated 2266 bytes in 4 msecs (HTTP/2.0 404) 6 headers in 215 bytes (1 switches on core 1)
Not Found: /words/
[pid: 4162131|app: 0|req: 3/5] 116.249.150.112 () {60 vars in 1264 bytes} [Sat Mar 18 20:29:52 2023] GET /words/ => generated 2266 bytes in 4 msecs (HTTP/2.0 404) 6 headers in 215 bytes (1 switches on core 0)
Not Found: /words/
[pid: 4162132|app: 0|req: 3/6] 116.249.150.112 () {60 vars in 1264 bytes} [Sat Mar 18 20:29:52 2023] GET /words/ => generated 2266 bytes in 4 msecs (HTTP/2.0 404) 6 headers in 215 bytes (1 switches on core 0)
[pid: 4162131|app: 0|req: 4/7] 116.249.150.112 () {58 vars in 1230 bytes} [Sat Mar 18 20:32:44 2023] GET / => generated 158566 bytes in 227 msecs (HTTP/2.0 200) 8 headers in 360 bytes (1 switches on core 1)
[pid: 4162132|app: 0|req: 4/8] 116.249.150.112 () {58 vars in 1274 bytes} [Sat Mar 18 20:32:45 2023] GET / => generated 158566 bytes in 87 msecs (HTTP/2.0 200) 8 headers in 360 bytes (1 switches on core 1)
[pid: 4162131|app: 0|req: 5/9] 116.249.150.112 () {58 vars in 1274 bytes} [Sat Mar 18 20:32:46 2023] GET / => generated 158566 bytes in 155 msecs (HTTP/2.0 200) 8 headers in 360 bytes (1 switches on core 0)
[pid: 4162132|app: 0|req: 5/10] 116.249.150.112 () {56 vars in 1243 bytes} [Sat Mar 18 20:48:38 2023] GET / => generated 158566 bytes in 80 msecs (HTTP/2.0 200) 8 headers in 360 bytes (1 switches on core 0)
[pid: 4162131|app: 0|req: 6/11] 116.249.150.112 () {56 vars in 1209 bytes} [Sat Mar 18 22:31:59 2023] GET / => generated 158566 bytes in 20203 msecs (HTTP/2.0 200) 8 headers in 360 bytes (1 switches on core 1)
Not Found: /favicon.ico
[pid: 4162132|app: 0|req: 6/12] 116.249.150.112 () {54 vars in 1194 bytes} [Sat Mar 18 22:32:20 2023] GET /favicon.ico => generated 2286 bytes in 4 msecs (HTTP/2.0 404) 6 headers in 215 bytes (1 switches on core 1)
[pid: 4162131|app: 0|req: 7/13] 116.249.150.112 () {54 vars in 1234 bytes} [Sat Mar 18 23:24:34 2023] GET / => generated 158566 bytes in 168 msecs (HTTP/2.0 200) 8 headers in 360 bytes (1 switches on core 0)
[pid: 4162132|app: 0|req: 7/14] 106.57.228.94 () {38 vars in 717 bytes} [Mon Mar 20 10:11:52 2023] GET / => generated 158566 bytes in 20136 msecs (HTTP/1.1 200) 8 headers in 360 bytes (1 switches on core 0)
[pid: 4162131|app: 0|req: 8/15] 106.57.228.94 () {38 vars in 717 bytes} [Mon Mar 20 10:12:12 2023] GET / => generated 158566 bytes in 60 msecs (HTTP/1.1 200) 8 headers in 360 bytes (1 switches on core 1)
Not Found: /favicon.ico
[pid: 4162132|app: 0|req: 8/16] 106.57.228.94 () {40 vars in 741 bytes} [Mon Mar 20 10:12:12 2023] GET /favicon.ico => generated 2290 bytes in 4 msecs (HTTP/1.1 404) 6 headers in 215 bytes (1 switches on core 1)
Not Found: /favicon.ico
[pid: 4162131|app: 0|req: 9/17] 106.57.228.94 () {40 vars in 741 bytes} [Mon Mar 20 10:12:12 2023] GET /favicon.ico => generated 2290 bytes in 4 msecs (HTTP/1.1 404) 6 headers in 215 bytes (1 switches on core 0)
[pid: 4162132|app: 0|req: 9/18] 106.57.228.94 () {42 vars in 975 bytes} [Mon Mar 20 10:18:04 2023] GET / => generated 158566 bytes in 156 msecs (HTTP/1.1 200) 8 headers in 360 bytes (1 switches on core 0)
Not Found: /favicon.ico
[pid: 4162131|app: 0|req: 10/19] 106.57.228.94 () {42 vars in 986 bytes} [Mon Mar 20 10:18:05 2023] GET /favicon.ico => generated 2290 bytes in 4 msecs (HTTP/1.1 404) 6 headers in 215 bytes (1 switches on core 1)
[pid: 4162132|app: 0|req: 10/20] 106.57.228.94 () {40 vars in 712 bytes} [Mon Mar 20 10:18:34 2023] GET / => generated 158566 bytes in 60 msecs (HTTP/1.1 200) 8 headers in 360 bytes (1 switches on core 1)
Not Found: /favicon.ico
[pid: 4162131|app: 0|req: 11/21] 106.57.228.94 () {42 vars in 747 bytes} [Mon Mar 20 10:18:34 2023] GET /favicon.ico => generated 2290 bytes in 4 msecs (HTTP/1.1 404) 6 headers in 215 bytes (1 switches on core 0)
Forbidden (CSRF token from POST incorrect.): /
[pid: 4162132|app: 0|req: 11/22] 106.57.228.94 () {50 vars in 1022 bytes} [Mon Mar 20 10:25:26 2023] POST / => generated 2513 bytes in 16 msecs (HTTP/1.1 403) 6 headers in 215 bytes (1 switches on core 0)
[pid: 4162131|app: 0|req: 12/23] 106.57.228.94 () {40 vars in 774 bytes} [Mon Mar 20 10:25:39 2023] GET / => generated 158566 bytes in 182 msecs (HTTP/1.1 200) 8 headers in 360 bytes (1 switches on core 1)
[True, False, False, False, False, False, False, False, False]
[True, False, False, False, False, False, False, False, False]
[True, False, False, False, False, False, False, False, False]
[True, False, False, False, False, False, False, False, False]
[True, False, False, False, False, False, False, False, False]
[True, False, False, False, False, False, False, False, False]
[True, False, False, False, False, False, False, False, False]
[True, False, False, False, False, False, False, False, False]
[True, False, False, False, False, False, False, False, False]
[True, False, False, False, False, False, False, False, False]
[True, False, False, False, False, False, False, False, False]
[True, False, False, False, False, False, False, False, False]
[True, False, False, False, False, False, False, False, False]
[True, False, False, False, False, False, False, False, False]
[True, False, False, False, False, False, False, False, False]
[True, False, False, False, False, False, False, False, False]
[True, False, False, False, False, False, False, False, False]
[True, False, False, False, False, False, False, False, False]
[True, False, False, False, False, False, False, False, False]
[True, False, False, False, False, False, False, False, False]
[True, False, False, False, False, False, False, False, False]
[True, False, False, False, False, False, False, False, False]
[True, False, False, False, False, False, False, False, False]
[True, False, False, False, False, False, False, False, False]
[True, False, False, False, False, False, False, False, False]
[True, False, False, False, False, False, False, False, False]
[True, False, False, False, False, False, False, False, False]
[True, False, False, False, False, False, False, False, False]
[True, False, False, False, False, False, False, False, False]
[True, False, False, False, False, False, False, False, False]
[pid: 4162132|app: 0|req: 12/24] 106.57.228.94 () {50 vars in 1022 bytes} [Mon Mar 20 10:28:24 2023] POST / => generated 158921 bytes in 287 msecs (HTTP/1.1 200) 8 headers in 360 bytes (1 switches on core 1)
[True, False, False, False, False, False, False, False, False]
[True, False, False, False, False, False, False, False, False]
[True, False, False, False, False, False, False, False, False]
[True, False, False, False, False, False, False, False, False]
[True, False, False, False, False, False, False, False, False]
[True, False, False, False, False, False, False, False, False]
[True, False, False, False, False, False, False, False, False]
[True, False, False, False, False, False, False, False, False]
[True, False, False, False, False, False, False, False, False]
[True, False, False, False, False, False, False, False, False]
[True, False, False, False, False, False, False, False, False]
[True, False, False, False, False, False, False, False, False]
[True, False, False, False, False, False, False, False, False]
[True, False, False, False, False, False, False, False, False]
[True, False, False, False, False, False, False, False, False]
[True, False, False, False, False, False, False, False, False]
[True, False, False, False, False, False, False, False, False]
[True, False, False, False, False, False, False, False, False]
[True, False, False, False, False, False, False, False, False]
[True, False, False, False, False, False, False, False, False]
[True, False, False, False, False, False, False, False, False]
[True, False, False, False, False, False, False, False, False]
[True, False, False, False, False, False, False, False, False]
[True, False, False, False, False, False, False, False, False]
[True, False, False, False, False, False, False, False, False]
[True, False, False, False, False, False, False, False, False]
[True, False, False, False, False, False, False, False, False]
[True, False, False, False, False, False, False, False, False]
[True, False, False, False, False, False, False, False, False]
[True, False, False, False, False, False, False, False, False]
[pid: 4162131|app: 0|req: 13/25] 106.57.228.94 () {50 vars in 1022 bytes} [Mon Mar 20 10:28:31 2023] POST / => generated 158921 bytes in 145 msecs (HTTP/1.1 200) 8 headers in 360 bytes (1 switches on core 0)
[pid: 4162132|app: 0|req: 13/26] 106.57.228.94 () {42 vars in 1019 bytes} [Mon Mar 20 10:31:18 2023] GET / => generated 158921 bytes in 67 msecs (HTTP/1.1 200) 8 headers in 360 bytes (1 switches on core 0)
[pid: 4162131|app: 0|req: 14/27] 106.57.228.94 () {42 vars in 1019 bytes} [Mon Mar 20 11:09:16 2023] GET / => generated 158921 bytes in 223 msecs (HTTP/1.1 200) 8 headers in 360 bytes (1 switches on core 1)
[True, False, False, False, False, False, False, False, False]
[True, False, False, False, False, False, False, False, False]
[True, False, False, False, False, False, False, False, False]
[True, False, False, False, False, False, False, False, False]
[True, False, False, False, False, False, False, False, False]
[True, False, False, False, False, False, False, False, False]
[True, False, False, False, False, False, False, False, False]
[True, False, False, False, False, False, False, False, False]
[True, False, False, False, False, False, False, False, False]
[True, False, False, False, False, False, False, False, False]
[True, False, False, False, False, False, False, False, False]
[True, False, False, False, False, False, False, False, False]
[True, False, False, False, False, False, False, False, False]
[True, False, False, False, False, False, False, False, False]
[True, False, False, False, False, False, False, False, False]
[True, False, False, False, False, False, False, False, False]
[True, False, False, False, False, False, False, False, False]
[True, False, False, False, False, False, False, False, False]
[True, False, False, False, False, False, False, False, False]
[True, False, False, False, False, False, False, False, False]
[True, False, False, False, False, False, False, False, False]
[True, False, False, False, False, False, False, False, False]
[True, False, False, False, False, False, False, False, False]
[True, False, False, False, False, False, False, False, False]
[True, False, False, False, False, False, False, False, False]
[True, False, False, False, False, False, False, False, False]
[True, False, False, False, False, False, False, False, False]
[True, False, False, False, False, False, False, False, False]
[True, False, False, False, False, False, False, False, False]
[True, False, False, False, False, False, False, False, False]
[pid: 4162132|app: 0|req: 14/28] 106.57.228.94 () {52 vars in 1267 bytes} [Mon Mar 20 11:15:01 2023] POST / => generated 158845 bytes in 270 msecs (HTTP/1.1 200) 8 headers in 360 bytes (1 switches on core 1)
[True, False, False, False, False, False, False, False, False]
[True, False, False, False, False, False, False, False, False]
[True, False, False, False, False, False, False, False, False]
[True, False, False, False, False, False, False, False, False]
[True, False, False, False, False, False, False, False, False]
[True, False, False, False, False, False, False, False, False]
[True, False, False, False, False, False, False, False, False]
[True, False, False, False, False, False, False, False, False]
[True, False, False, False, False, False, False, False, False]
[True, False, False, False, False, False, False, False, False]
[True, False, False, False, False, False, False, False, False]
[True, False, False, False, False, False, False, False, False]
[True, False, False, False, False, False, False, False, False]
[True, False, False, False, False, False, False, False, False]
[True, False, False, False, False, False, False, False, False]
[True, False, False, False, False, False, False, False, False]
[True, False, False, False, False, False, False, False, False]
[True, False, False, False, False, False, False, False, False]
[True, False, False, False, False, False, False, False, False]
[True, False, False, False, False, False, False, False, False]
[True, False, False, False, False, False, False, False, False]
[True, False, False, False, False, False, False, False, False]
[True, False, False, False, False, False, False, False, False]
[True, False, False, False, False, False, False, False, False]
[True, False, False, False, False, False, False, False, False]
[True, False, False, False, False, False, False, False, False]
[True, False, False, False, False, False, False, False, False]
[True, False, False, False, False, False, False, False, False]
[True, False, False, False, False, False, False, False, False]
[True, False, False, False, False, False, False, False, False]
[pid: 4162131|app: 0|req: 15/29] 106.57.228.94 () {52 vars in 1267 bytes} [Mon Mar 20 11:18:55 2023] POST / => generated 158607 bytes in 367 msecs (HTTP/1.1 200) 8 headers in 360 bytes (1 switches on core 0)
[pid: 4162132|app: 0|req: 15/30] 106.57.228.94 () {42 vars in 1019 bytes} [Mon Mar 20 11:20:12 2023] GET / => generated 158607 bytes in 63 msecs (HTTP/1.1 200) 8 headers in 360 bytes (1 switches on core 0)
...brutally killing workers...
Gracefully killing worker 1 (pid: 4162131)...
Gracefully killing worker 2 (pid: 4162132)...
worker 1 buried after 1 seconds
worker 2 buried after 1 seconds
binary reloading uWSGI...
chdir() to /var/www/django_words/uwsgi
closing all non-uwsgi socket fds > 2 (max_fd = 1024)...
found fd 3 mapped to socket 0 (127.0.0.1:8001)
running /root/python/env/django_words/bin/uwsgi
[uWSGI] getting INI configuration from django_words.ini
*** Starting uWSGI 2.0.21 (64bit) on [Mon Mar 20 15:22:13 2023] ***
compiled with version: 11.3.1 20221121 (Red Hat 11.3.1-4) on 18 March 2023 11:20:10
os: Linux-5.14.0-252.el9.x86_64 #1 SMP PREEMPT_DYNAMIC Wed Feb 1 13:25:18 UTC 2023
nodename: localhost.localdomain
machine: x86_64
clock source: unix
pcre jit disabled
detected number of CPU cores: 8
current working directory: /var/www/django_words/uwsgi
detected binary path: /root/python/env/django_words/bin/uwsgi
*** WARNING: you are running uWSGI as root !!! (use the --uid flag) *** 
chdir() to /var/www/django_words/
your processes number limit is 62373
your memory page size is 4096 bytes
detected max file descriptor number: 1024
lock engine: pthread robust mutexes
thunder lock: enabled
uwsgi socket 0 inherited INET address 127.0.0.1:8001 fd 3
*** WARNING: you are running uWSGI as root !!! (use the --uid flag) *** 
Python version: 3.9.16 (main, Dec  8 2022, 00:00:00)  [GCC 11.3.1 20221121 (Red Hat 11.3.1-4)]
Python main interpreter initialized at 0xb5a200
*** WARNING: you are running uWSGI as root !!! (use the --uid flag) *** 
python threads support enabled
your server socket listen backlog is limited to 100 connections
your mercy for graceful operations on workers is 60 seconds
mapped 299280 bytes (292 KB) for 4 cores
*** Operational MODE: preforking+threaded ***
WSGI app 0 (mountpoint='') ready in 0 seconds on interpreter 0xb5a200 pid: 4162130 (default app)
*** WARNING: you are running uWSGI as root !!! (use the --uid flag) *** 
*** uWSGI is running in multiple interpreter mode ***
gracefully (RE)spawned uWSGI master process (pid: 4162130)
spawned uWSGI worker 1 (pid: 2491079, cores: 2)
spawned uWSGI worker 2 (pid: 2491080, cores: 2)
*** Starting uWSGI 2.0.21 (64bit) on [Mon Mar 20 15:52:31 2023] ***
compiled with version: 11.3.1 20221121 (Red Hat 11.3.1-4) on 18 March 2023 11:20:10
os: Linux-5.14.0-285.el9.x86_64 #1 SMP PREEMPT_DYNAMIC Tue Mar 7 17:32:48 UTC 2023
nodename: localhost.localdomain
machine: x86_64
clock source: unix
pcre jit disabled
detected number of CPU cores: 8
current working directory: /var/www/django_words/uwsgi
writing pidfile to /var/www/django_words/uwsgi/uwsgi.pid
detected binary path: /root/python/env/django_words/bin/uwsgi
*** WARNING: you are running uWSGI as root !!! (use the --uid flag) *** 
chdir() to /var/www/django_words/
your processes number limit is 62353
your memory page size is 4096 bytes
detected max file descriptor number: 1024
lock engine: pthread robust mutexes
thunder lock: enabled
uwsgi socket 0 bound to TCP address 127.0.0.1:8001 fd 3
*** WARNING: you are running uWSGI as root !!! (use the --uid flag) *** 
Python version: 3.9.16 (main, Dec  8 2022, 00:00:00)  [GCC 11.3.1 20221121 (Red Hat 11.3.1-4)]
Python main interpreter initialized at 0x124f890
*** WARNING: you are running uWSGI as root !!! (use the --uid flag) *** 
python threads support enabled
your server socket listen backlog is limited to 100 connections
your mercy for graceful operations on workers is 60 seconds
mapped 299280 bytes (292 KB) for 4 cores
*** Operational MODE: preforking+threaded ***
WSGI app 0 (mountpoint='') ready in 0 seconds on interpreter 0x124f890 pid: 110723 (default app)
*** WARNING: you are running uWSGI as root !!! (use the --uid flag) *** 
*** uWSGI is running in multiple interpreter mode ***
spawned uWSGI master process (pid: 110723)
spawned uWSGI worker 1 (pid: 110724, cores: 2)
spawned uWSGI worker 2 (pid: 110725, cores: 2)
[pid: 110724|app: 0|req: 1/1] 106.57.228.94 () {44 vars in 1050 bytes} [Mon Mar 20 15:52:36 2023] GET / => generated 158607 bytes in 20240 msecs (HTTP/1.1 200) 8 headers in 360 bytes (1 switches on core 0)
Not Found: /favicon.ico
[pid: 110725|app: 0|req: 1/2] 106.57.228.94 () {42 vars in 986 bytes} [Mon Mar 20 15:52:56 2023] GET /favicon.ico => generated 2290 bytes in 17 msecs (HTTP/1.1 404) 6 headers in 215 bytes (1 switches on core 0)
[pid: 110724|app: 0|req: 2/3] 106.57.228.94 () {40 vars in 774 bytes} [Mon Mar 20 15:53:01 2023] GET / => generated 158607 bytes in 76 msecs (HTTP/1.1 200) 8 headers in 360 bytes (1 switches on core 1)
Not Found: /favicon.ico
[pid: 110725|app: 0|req: 2/4] 106.57.228.94 () {40 vars in 741 bytes} [Mon Mar 20 15:53:01 2023] GET /favicon.ico => generated 2290 bytes in 4 msecs (HTTP/1.1 404) 6 headers in 215 bytes (1 switches on core 1)
[True, False, False, False, False, False, False, False, False]
[True, False, False, False, False, False, False, False, False]
[True, False, False, False, False, False, False, False, False]
[True, False, False, False, False, False, False, False, False]
[True, False, False, False, False, False, False, False, False]
[True, False, False, False, False, False, False, False, False]
[True, False, False, False, False, False, False, False, False]
[True, False, False, False, False, False, False, False, False]
[True, False, False, False, False, False, False, False, False]
[True, False, False, False, False, False, False, False, False]
[True, False, False, False, False, False, False, False, False]
[True, False, False, False, False, False, False, False, False]
[True, False, False, False, False, False, False, False, False]
[True, False, False, False, False, False, False, False, False]
[True, False, False, False, False, False, False, False, False]
[True, False, False, False, False, False, False, False, False]
[True, False, False, False, False, False, False, False, False]
[pid: 110724|app: 0|req: 3/5] 106.57.228.94 () {52 vars in 1267 bytes} [Mon Mar 20 16:17:42 2023] POST / => generated 158556 bytes in 285 msecs (HTTP/1.1 200) 8 headers in 360 bytes (1 switches on core 0)
[True, False, False, False, False, False, False, False, False]
[True, False, False, False, False, False, False, False, False]
[True, False, False, False, False, False, False, False, False]
[True, False, False, False, False, False, False, False, False]
[True, False, False, False, False, False, False, False, False]
[True, False, False, False, False, False, False, False, False]
[True, False, False, False, False, False, False, False, False]
[True, False, False, False, False, False, False, False, False]
[True, False, False, False, False, False, False, False, False]
[True, False, False, False, False, False, False, False, False]
[True, False, False, False, False, False, False, False, False]
[True, False, False, False, False, False, False, False, False]
[pid: 110725|app: 0|req: 3/6] 106.57.228.94 () {52 vars in 1267 bytes} [Mon Mar 20 16:18:48 2023] POST / => generated 158764 bytes in 164 msecs (HTTP/1.1 200) 8 headers in 360 bytes (1 switches on core 0)
[True, False, False, False, False, False, False, False, False]
[pid: 110724|app: 0|req: 4/7] 106.57.228.94 () {52 vars in 1265 bytes} [Mon Mar 20 16:18:55 2023] POST / => generated 158811 bytes in 69 msecs (HTTP/1.1 200) 8 headers in 360 bytes (1 switches on core 1)
[pid: 110725|app: 0|req: 4/8] 106.57.228.94 () {42 vars in 1019 bytes} [Mon Mar 20 17:58:52 2023] GET / => generated 158811 bytes in 180 msecs (HTTP/1.1 200) 8 headers in 360 bytes (1 switches on core 1)
[True, False, False, False, False, False, False, False, False]
[True, False, False, False, False, False, False, False, False]
[True, False, False, False, False, False, False, False, False]
[pid: 110724|app: 0|req: 5/9] 106.57.228.94 () {52 vars in 1267 bytes} [Mon Mar 20 17:59:52 2023] POST / => generated 158862 bytes in 83 msecs (HTTP/1.1 200) 8 headers in 360 bytes (1 switches on core 0)
[pid: 110725|app: 0|req: 5/10] 182.245.21.189 () {40 vars in 776 bytes} [Tue Mar 21 10:27:02 2023] GET / => generated 158334 bytes in 148 msecs (HTTP/1.1 200) 8 headers in 360 bytes (1 switches on core 0)
Not Found: /favicon.ico
[pid: 110724|app: 0|req: 6/11] 182.245.21.189 () {40 vars in 743 bytes} [Tue Mar 21 10:27:03 2023] GET /favicon.ico => generated 2290 bytes in 5 msecs (HTTP/1.1 404) 6 headers in 215 bytes (1 switches on core 1)
[pid: 110725|app: 0|req: 6/12] 182.245.21.189 () {42 vars in 1021 bytes} [Tue Mar 21 10:28:12 2023] GET / => generated 158334 bytes in 60 msecs (HTTP/1.1 200) 8 headers in 360 bytes (1 switches on core 1)
Not Found: /favicon.ico
[pid: 110724|app: 0|req: 7/13] 182.245.21.189 () {42 vars in 988 bytes} [Tue Mar 21 10:28:13 2023] GET /favicon.ico => generated 2290 bytes in 4 msecs (HTTP/1.1 404) 6 headers in 215 bytes (1 switches on core 0)
[pid: 110725|app: 0|req: 7/14] 182.245.21.189 () {44 vars in 1045 bytes} [Tue Mar 21 10:32:03 2023] GET / => generated 158334 bytes in 108 msecs (HTTP/1.1 200) 8 headers in 360 bytes (1 switches on core 0)
[True, True, False, False, False, False, False, False, False]
[True, True, False, False, False, False, False, False, False]
[True, True, False, False, False, False, False, False, False]
[True, True, False, False, False, False, False, False, False]
[True, True, False, False, False, False, False, False, False]
[True, True, False, False, False, False, False, False, False]
[True, True, False, False, False, False, False, False, False]
[True, True, False, False, False, False, False, False, False]
[True, True, False, False, False, False, False, False, False]
[True, True, False, False, False, False, False, False, False]
[True, True, False, False, False, False, False, False, False]
[True, True, False, False, False, False, False, False, False]
[True, True, False, False, False, False, False, False, False]
[True, True, False, False, False, False, False, False, False]
[True, True, False, False, False, False, False, False, False]
[True, True, False, False, False, False, False, False, False]
[True, True, False, False, False, False, False, False, False]
[True, True, False, False, False, False, False, False, False]
[True, True, False, False, False, False, False, False, False]
[True, True, False, False, False, False, False, False, False]
[True, True, False, False, False, False, False, False, False]
[True, True, False, False, False, False, False, False, False]
[True, True, False, False, False, False, False, False, False]
[True, True, False, False, False, False, False, False, False]
[True, True, False, False, False, False, False, False, False]
[pid: 110724|app: 0|req: 8/15] 182.245.21.189 () {52 vars in 1269 bytes} [Tue Mar 21 10:33:24 2023] POST / => generated 158376 bytes in 227 msecs (HTTP/1.1 200) 8 headers in 360 bytes (1 switches on core 1)
[True, True, False, False, False, False, False, False, False]
[True, True, False, False, False, False, False, False, False]
[True, True, False, False, False, False, False, False, False]
[True, True, False, False, False, False, False, False, False]
[True, True, False, False, False, False, False, False, False]
[True, True, False, False, False, False, False, False, False]
[True, True, False, False, False, False, False, False, False]
[True, True, False, False, False, False, False, False, False]
[True, True, False, False, False, False, False, False, False]
[True, True, False, False, False, False, False, False, False]
[True, True, False, False, False, False, False, False, False]
[True, True, False, False, False, False, False, False, False]
[pid: 110725|app: 0|req: 8/16] 182.245.21.189 () {52 vars in 1269 bytes} [Tue Mar 21 10:34:45 2023] POST / => generated 158771 bytes in 135 msecs (HTTP/1.1 200) 8 headers in 360 bytes (1 switches on core 1)
[pid: 110724|app: 0|req: 9/17] 106.61.185.8 () {38 vars in 726 bytes} [Tue Mar 21 12:30:48 2023] GET / => generated 158771 bytes in 196 msecs (HTTP/1.1 200) 8 headers in 360 bytes (1 switches on core 0)
Not Found: /favicon.ico
[pid: 110725|app: 0|req: 9/18] 106.61.185.8 () {40 vars in 750 bytes} [Tue Mar 21 12:30:49 2023] GET /favicon.ico => generated 2290 bytes in 18 msecs (HTTP/1.1 404) 6 headers in 215 bytes (1 switches on core 0)
[pid: 110724|app: 0|req: 10/19] 106.61.185.8 () {40 vars in 783 bytes} [Tue Mar 21 12:31:04 2023] GET / => generated 158771 bytes in 175 msecs (HTTP/1.1 200) 8 headers in 360 bytes (1 switches on core 1)
[pid: 110725|app: 0|req: 10/20] 116.249.150.112 () {46 vars in 780 bytes} [Wed Mar 22 18:34:01 2023] GET / => generated 158771 bytes in 165 msecs (HTTP/1.1 200) 8 headers in 360 bytes (1 switches on core 1)
[pid: 110724|app: 0|req: 11/21] 116.249.150.112 () {42 vars in 903 bytes} [Wed Mar 22 23:54:15 2023] GET / => generated 158771 bytes in 178 msecs (HTTP/1.1 200) 8 headers in 360 bytes (1 switches on core 0)
Not Found: /favicon.ico
[pid: 110725|app: 0|req: 11/22] 116.249.150.112 () {42 vars in 914 bytes} [Wed Mar 22 23:54:22 2023] GET /favicon.ico => generated 2290 bytes in 4 msecs (HTTP/1.1 404) 6 headers in 215 bytes (1 switches on core 0)
[True, True, False, False, False, False, False, False, False]
[True, True, False, False, False, False, False, False, False]
[True, True, False, False, False, False, False, False, False]
[True, True, False, False, False, False, False, False, False]
[True, True, False, False, False, False, False, False, False]
[True, True, False, False, False, False, False, False, False]
[True, True, False, False, False, False, False, False, False]
[True, True, False, False, False, False, False, False, False]
[True, True, False, False, False, False, False, False, False]
[True, True, False, False, False, False, False, False, False]
[pid: 110724|app: 0|req: 12/23] 116.249.150.112 () {52 vars in 1195 bytes} [Wed Mar 22 23:55:23 2023] POST / => generated 158857 bytes in 126 msecs (HTTP/1.1 200) 8 headers in 360 bytes (1 switches on core 1)
[True, True, False, False, False, False, False, False, False]
[True, True, False, False, False, False, False, False, False]
[pid: 110725|app: 0|req: 12/24] 116.249.150.112 () {52 vars in 1195 bytes} [Wed Mar 22 23:59:51 2023] POST / => generated 158903 bytes in 178 msecs (HTTP/1.1 200) 8 headers in 360 bytes (1 switches on core 1)
[True, True, False, False, False, False, False, False, False]
[True, True, False, False, False, False, False, False, False]
[pid: 110724|app: 0|req: 13/25] 116.249.150.112 () {52 vars in 1195 bytes} [Thu Mar 23 00:00:24 2023] POST / => generated 158119 bytes in 126 msecs (HTTP/1.1 200) 8 headers in 360 bytes (1 switches on core 0)
[True, True, True, False, False, False, False, False, False]
[True, True, True, False, False, False, False, False, False]
[True, True, True, False, False, False, False, False, False]
[True, True, True, False, False, False, False, False, False]
[True, True, True, False, False, False, False, False, False]
[True, True, True, False, False, False, False, False, False]
[True, True, True, False, False, False, False, False, False]
[True, True, True, False, False, False, False, False, False]
[True, True, True, False, False, False, False, False, False]
[True, True, True, False, False, False, False, False, False]
[True, True, True, False, False, False, False, False, False]
[True, True, True, False, False, False, False, False, False]
[True, True, True, False, False, False, False, False, False]
[True, True, True, False, False, False, False, False, False]
[True, True, True, False, False, False, False, False, False]
[True, True, True, False, False, False, False, False, False]
[True, True, False, False, False, False, False, False, False]
[True, True, True, False, False, False, False, False, False]
[True, True, True, False, False, False, False, False, False]
[True, True, True, False, False, False, False, False, False]
[True, True, False, False, False, False, False, False, False]
[True, True, False, False, False, False, False, False, False]
[True, True, True, False, False, False, False, False, False]
[True, True, True, False, False, False, False, False, False]
[True, True, True, False, False, False, False, False, False]
[True, True, True, False, False, False, False, False, False]
[True, True, True, False, False, False, False, False, False]
[True, True, True, False, False, False, False, False, False]
[pid: 110725|app: 0|req: 13/26] 116.249.150.112 () {52 vars in 1195 bytes} [Thu Mar 23 00:03:26 2023] POST / => generated 158651 bytes in 418 msecs (HTTP/1.1 200) 8 headers in 360 bytes (1 switches on core 0)
[True, True, True, False, False, False, False, False, False]
[True, True, True, False, False, False, False, False, False]
[True, True, True, False, False, False, False, False, False]
[True, True, True, False, False, False, False, False, False]
[True, True, True, False, False, False, False, False, False]
[True, True, False, False, False, False, False, False, False]
[True, True, True, False, False, False, False, False, False]
[True, True, False, False, False, False, False, False, False]
[True, True, False, False, False, False, False, False, False]
[pid: 110724|app: 0|req: 14/27] 116.249.150.112 () {52 vars in 1195 bytes} [Thu Mar 23 00:07:08 2023] POST / => generated 158648 bytes in 178 msecs (HTTP/1.1 200) 8 headers in 360 bytes (1 switches on core 1)
[pid: 110725|app: 0|req: 14/28] 182.245.21.85 () {44 vars in 1044 bytes} [Thu Mar 23 12:48:15 2023] GET / => generated 158648 bytes in 176 msecs (HTTP/1.1 200) 8 headers in 360 bytes (1 switches on core 1)
Not Found: /favicon.ico
[pid: 110724|app: 0|req: 15/29] 182.245.21.85 () {42 vars in 987 bytes} [Thu Mar 23 12:48:17 2023] GET /favicon.ico => generated 2290 bytes in 4 msecs (HTTP/1.1 404) 6 headers in 215 bytes (1 switches on core 0)
[pid: 110725|app: 0|req: 15/30] 106.57.228.202 () {44 vars in 1045 bytes} [Tue Mar 28 17:19:34 2023] GET / => generated 157919 bytes in 112 msecs (HTTP/1.1 200) 8 headers in 360 bytes (1 switches on core 0)
Not Found: /favicon.ico
[pid: 110724|app: 0|req: 16/31] 106.57.228.202 () {42 vars in 988 bytes} [Tue Mar 28 17:19:36 2023] GET /favicon.ico => generated 2290 bytes in 4 msecs (HTTP/1.1 404) 6 headers in 215 bytes (1 switches on core 1)
[True, True, True, True, False, False, False, False, False]
[True, True, True, True, False, False, False, False, False]
[True, True, True, True, False, False, False, False, False]
[True, True, True, True, False, False, False, False, False]
[True, True, True, True, False, False, False, False, False]
[True, True, True, True, False, False, False, False, False]
[True, True, True, True, False, False, False, False, False]
[True, True, True, False, False, False, False, False, False]
[True, True, True, True, False, False, False, False, False]
[True, True, True, True, False, False, False, False, False]
[True, True, True, True, False, False, False, False, False]
[True, True, True, True, False, False, False, False, False]
[True, True, True, True, False, False, False, False, False]
[True, True, True, True, False, False, False, False, False]
[True, True, True, False, False, False, False, False, False]
[True, True, True, True, False, False, False, False, False]
[True, True, True, True, False, False, False, False, False]
[True, True, True, True, False, False, False, False, False]
[True, True, True, True, False, False, False, False, False]
[True, True, True, True, False, False, False, False, False]
[True, True, True, True, False, False, False, False, False]
[True, True, True, False, False, False, False, False, False]
[True, True, True, False, False, False, False, False, False]
[True, True, True, False, False, False, False, False, False]
[True, True, True, True, False, False, False, False, False]
[True, True, True, True, False, False, False, False, False]
[True, True, True, True, False, False, False, False, False]
[True, True, True, True, False, False, False, False, False]
[True, True, True, True, False, False, False, False, False]
[pid: 110725|app: 0|req: 16/32] 106.57.228.202 () {52 vars in 1269 bytes} [Tue Mar 28 17:20:26 2023] POST / => generated 158426 bytes in 315 msecs (HTTP/1.1 200) 8 headers in 360 bytes (1 switches on core 1)
[True, True, True, False, False, False, False, False, False]
[True, True, True, True, False, False, False, False, False]
[True, True, True, False, False, False, False, False, False]
[True, True, True, False, False, False, False, False, False]
[True, True, True, False, False, False, False, False, False]
[True, True, True, False, False, False, False, False, False]
[True, True, True, False, False, False, False, False, False]
[True, True, True, False, False, False, False, False, False]
[True, True, True, False, False, False, False, False, False]
[True, True, True, True, False, False, False, False, False]
[True, True, True, True, False, False, False, False, False]
[True, True, True, True, False, False, False, False, False]
[True, True, True, True, False, False, False, False, False]
[True, True, True, True, False, False, False, False, False]
[True, True, False, False, False, False, False, False, False]
[True, True, True, False, False, False, False, False, False]
[True, True, False, False, False, False, False, False, False]
[True, True, True, False, False, False, False, False, False]
[pid: 110724|app: 0|req: 17/33] 106.57.228.202 () {52 vars in 1269 bytes} [Tue Mar 28 17:21:27 2023] POST / => generated 158579 bytes in 196 msecs (HTTP/1.1 200) 8 headers in 360 bytes (1 switches on core 0)
[True, True, True, True, False, False, False, False, False]
[True, True, False, False, False, False, False, False, False]
[True, True, False, False, False, False, False, False, False]
[True, True, False, False, False, False, False, False, False]
[True, True, False, False, False, False, False, False, False]
[True, True, True, False, False, False, False, False, False]
[True, True, False, False, False, False, False, False, False]
[True, True, True, False, False, False, False, False, False]
[True, True, True, False, False, False, False, False, False]
[True, True, True, False, False, False, False, False, False]
[True, True, True, False, False, False, False, False, False]
[True, True, True, False, False, False, False, False, False]
[True, True, False, False, False, False, False, False, False]
[True, True, True, False, False, False, False, False, False]
[True, True, False, False, False, False, False, False, False]
[True, True, False, False, False, False, False, False, False]
[True, True, True, False, False, False, False, False, False]
[True, True, False, False, False, False, False, False, False]
[True, True, False, False, False, False, False, False, False]
[True, True, False, False, False, False, False, False, False]
[True, True, False, False, False, False, False, False, False]
[pid: 110725|app: 0|req: 17/34] 106.57.228.202 () {52 vars in 1269 bytes} [Tue Mar 28 17:22:55 2023] POST / => generated 158790 bytes in 225 msecs (HTTP/1.1 200) 8 headers in 360 bytes (1 switches on core 0)
[True, True, False, False, False, False, False, False, False]
[True, True, False, False, False, False, False, False, False]
[True, True, False, False, False, False, False, False, False]
[True, True, False, False, False, False, False, False, False]
[True, True, False, False, False, False, False, False, False]
[True, True, False, False, False, False, False, False, False]
[True, True, False, False, False, False, False, False, False]
[True, True, False, False, False, False, False, False, False]
[True, True, False, False, False, False, False, False, False]
[True, True, False, False, False, False, False, False, False]
[True, True, False, False, False, False, False, False, False]
[True, True, False, False, False, False, False, False, False]
[True, True, False, False, False, False, False, False, False]
[True, True, False, False, False, False, False, False, False]
[True, True, False, False, False, False, False, False, False]
[True, True, False, False, False, False, False, False, False]
[True, False, False, False, False, False, False, False, False]
[True, False, False, False, False, False, False, False, False]
[True, True, False, False, False, False, False, False, False]
[pid: 110724|app: 0|req: 18/35] 106.57.228.202 () {52 vars in 1269 bytes} [Tue Mar 28 17:27:26 2023] POST / => generated 158636 bytes in 278 msecs (HTTP/1.1 200) 8 headers in 360 bytes (1 switches on core 1)
[True, True, True, False, False, False, False, False, False]
[True, True, False, False, False, False, False, False, False]
[True, True, False, False, False, False, False, False, False]
[True, True, False, False, False, False, False, False, False]
[True, True, False, False, False, False, False, False, False]
[True, True, False, False, False, False, False, False, False]
[True, True, False, False, False, False, False, False, False]
[True, True, False, False, False, False, False, False, False]
[True, True, False, False, False, False, False, False, False]
[True, True, False, False, False, False, False, False, False]
[True, False, False, False, False, False, False, False, False]
[True, True, False, False, False, False, False, False, False]
[True, True, False, False, False, False, False, False, False]
[True, True, False, False, False, False, False, False, False]
[pid: 110725|app: 0|req: 18/36] 106.57.228.202 () {52 vars in 1269 bytes} [Tue Mar 28 17:30:41 2023] POST / => generated 158498 bytes in 171 msecs (HTTP/1.1 200) 8 headers in 360 bytes (1 switches on core 1)
[True, True, False, False, False, False, False, False, False]
[True, True, False, False, False, False, False, False, False]
[True, False, False, False, False, False, False, False, False]
[True, True, False, False, False, False, False, False, False]
[True, True, False, False, False, False, False, False, False]
[True, True, False, False, False, False, False, False, False]
[True, False, False, False, False, False, False, False, False]
[True, True, False, False, False, False, False, False, False]
[True, True, False, False, False, False, False, False, False]
[True, True, False, False, False, False, False, False, False]
[True, True, False, False, False, False, False, False, False]
[True, True, False, False, False, False, False, False, False]
[True, True, False, False, False, False, False, False, False]
[True, False, False, False, False, False, False, False, False]
[True, True, False, False, False, False, False, False, False]
[pid: 110724|app: 0|req: 19/37] 106.57.228.202 () {52 vars in 1269 bytes} [Tue Mar 28 17:32:39 2023] POST / => generated 158804 bytes in 170 msecs (HTTP/1.1 200) 8 headers in 360 bytes (1 switches on core 0)
[True, False, False, False, False, False, False, False, False]
[True, True, False, False, False, False, False, False, False]
[True, False, False, False, False, False, False, False, False]
[True, False, False, False, False, False, False, False, False]
[pid: 110725|app: 0|req: 19/38] 106.57.228.202 () {52 vars in 1269 bytes} [Tue Mar 28 17:34:33 2023] POST / => generated 158924 bytes in 110 msecs (HTTP/1.1 200) 8 headers in 360 bytes (1 switches on core 0)
[True, True, False, False, False, False, False, False, False]
[pid: 110724|app: 0|req: 20/39] 106.57.228.202 () {52 vars in 1267 bytes} [Tue Mar 28 17:34:41 2023] POST / => generated 158995 bytes in 68 msecs (HTTP/1.1 200) 8 headers in 360 bytes (1 switches on core 1)
[pid: 110725|app: 0|req: 20/40] 182.245.21.41 () {38 vars in 836 bytes} [Thu Mar 30 17:56:56 2023] GET / => generated 158543 bytes in 20227 msecs (HTTP/1.1 200) 8 headers in 360 bytes (1 switches on core 1)
Not Found: /favicon.ico
[pid: 110724|app: 0|req: 22/41] 182.245.21.41 () {40 vars in 860 bytes} [Thu Mar 30 17:57:16 2023] GET /favicon.ico => generated 2290 bytes in 4 msecs (HTTP/1.1 404) 6 headers in 215 bytes (1 switches on core 1)
[pid: 110725|app: 0|req: 21/42] 182.245.21.41 () {42 vars in 924 bytes} [Thu Mar 30 17:57:16 2023] GET / => generated 158543 bytes in 58 msecs (HTTP/1.1 200) 8 headers in 360 bytes (1 switches on core 0)
[pid: 110724|app: 0|req: 22/43] 27.115.124.109 () {44 vars in 780 bytes} [Thu Mar 30 17:57:12 2023] GET / => generated 158543 bytes in 15103 msecs (HTTP/1.1 200) 8 headers in 360 bytes (1 switches on core 0)
[pid: 110725|app: 0|req: 22/44] 182.245.21.222 () {44 vars in 1044 bytes} [Mon Apr 10 17:22:56 2023] GET / => generated 157687 bytes in 193 msecs (HTTP/1.1 200) 8 headers in 360 bytes (1 switches on core 1)
[pid: 110724|app: 0|req: 23/45] 87.236.176.92 () {36 vars in 504 bytes} [Thu Apr 20 21:21:10 2023] GET / => generated 157687 bytes in 20213 msecs (HTTP/1.1 200) 8 headers in 360 bytes (1 switches on core 1)
*** Starting uWSGI 2.0.21 (64bit) on [Mon May  8 22:36:38 2023] ***
compiled with version: 11.3.1 20221121 (Red Hat 11.3.1-4) on 18 March 2023 11:20:10
os: Linux-5.14.0-305.el9.x86_64 #1 SMP PREEMPT_DYNAMIC Thu Apr 27 11:32:15 UTC 2023
nodename: localhost.localdomain
machine: x86_64
clock source: unix
pcre jit disabled
detected number of CPU cores: 8
current working directory: /var/www/django_words/uwsgi
writing pidfile to /var/www/django_words/uwsgi/uwsgi.pid
detected binary path: /root/python/env/django_words/bin/uwsgi
*** WARNING: you are running uWSGI as root !!! (use the --uid flag) *** 
chdir() to /var/www/django_words/
your processes number limit is 62346
your memory page size is 4096 bytes
detected max file descriptor number: 1024
lock engine: pthread robust mutexes
thunder lock: enabled
uwsgi socket 0 bound to TCP address 127.0.0.1:8001 fd 3
*** WARNING: you are running uWSGI as root !!! (use the --uid flag) *** 
Python version: 3.9.16 (main, Dec  8 2022, 00:00:00)  [GCC 11.3.1 20221121 (Red Hat 11.3.1-4)]
Python main interpreter initialized at 0x1a03890
*** WARNING: you are running uWSGI as root !!! (use the --uid flag) *** 
python threads support enabled
your server socket listen backlog is limited to 100 connections
your mercy for graceful operations on workers is 60 seconds
mapped 299280 bytes (292 KB) for 4 cores
*** Operational MODE: preforking+threaded ***
WSGI app 0 (mountpoint='') ready in 0 seconds on interpreter 0x1a03890 pid: 152744 (default app)
*** WARNING: you are running uWSGI as root !!! (use the --uid flag) *** 
*** uWSGI is running in multiple interpreter mode ***
spawned uWSGI master process (pid: 152744)
spawned uWSGI worker 1 (pid: 152745, cores: 2)
spawned uWSGI worker 2 (pid: 152746, cores: 2)
[pid: 152745|app: 0|req: 1/1] 116.249.150.89 () {44 vars in 933 bytes} [Mon May  8 22:36:59 2023] GET / => generated 157687 bytes in 20216 msecs (HTTP/1.1 200) 8 headers in 360 bytes (1 switches on core 0)
Not Found: /favicon.ico
[pid: 152746|app: 0|req: 1/2] 116.249.150.89 () {42 vars in 913 bytes} [Mon May  8 22:37:19 2023] GET /favicon.ico => generated 2290 bytes in 17 msecs (HTTP/1.1 404) 6 headers in 215 bytes (1 switches on core 0)
